0 info it worked if it ends with ok
1 verbose cli [ '/usr/local/bin/node',
1 verbose cli   '/usr/local/bin/npm',
1 verbose cli   'install',
1 verbose cli   '--save',
1 verbose cli   'src/haile.jpg' ]
2 info using npm@3.10.8
3 info using node@v7.0.0
4 silly loadCurrentTree Starting
5 silly install loadCurrentTree
6 silly install readLocalPackageData
7 silly fetchPackageMetaData src/haile.jpg
8 silly fetchOtherPackageData src/haile.jpg
9 silly cache add args [ 'src/haile.jpg', null ]
10 verbose cache add spec src/haile.jpg
11 silly cache add parsed spec Result {
11 silly cache add   raw: 'src/haile.jpg',
11 silly cache add   scope: null,
11 silly cache add   escapedName: null,
11 silly cache add   name: null,
11 silly cache add   rawSpec: 'src/haile.jpg',
11 silly cache add   spec: '/Users/hshavers/Desktop/gatsby-site/src/haile.jpg',
11 silly cache add   type: 'local',
11 silly cache add   hosted:
11 silly cache add    { type: 'github',
11 silly cache add      ssh: 'git@github.com:src/haile.jpg.git',
11 silly cache add      sshUrl: 'git+ssh://git@github.com/src/haile.jpg.git',
11 silly cache add      httpsUrl: 'git+https://github.com/src/haile.jpg.git',
11 silly cache add      gitUrl: 'git://github.com/src/haile.jpg.git',
11 silly cache add      shortcut: 'github:src/haile.jpg',
11 silly cache add      directUrl: 'https://raw.githubusercontent.com/src/haile.jpg/master/package.json' } }
12 silly addLocalTarball shasum (computed) f62f72fda71616a41c4f732582bc0e4c7accd3f1
13 verbose addTmpTarball /Users/hshavers/Desktop/gatsby-site/src/haile.jpg not in flight; adding
14 verbose correctMkdir /Users/hshavers/.npm correctMkdir not in flight; initializing
15 verbose addTmpTarball validating metadata from /Users/hshavers/Desktop/gatsby-site/src/haile.jpg
16 verbose tar unpack /Users/hshavers/Desktop/gatsby-site/src/haile.jpg
17 verbose tar unpacking to /var/folders/6b/4g33n5d55cd042xjc90qtdv40000gn/T/npm-25324-a9b9107f/unpack-1b0adf95
18 silly gentlyRm /var/folders/6b/4g33n5d55cd042xjc90qtdv40000gn/T/npm-25324-a9b9107f/unpack-1b0adf95 is being purged
19 verbose gentlyRm don't care about contents; nuking /var/folders/6b/4g33n5d55cd042xjc90qtdv40000gn/T/npm-25324-a9b9107f/unpack-1b0adf95
20 silly gunzTarPerm modes [ '755', '644' ]
21 error not a package /Users/hshavers/Desktop/gatsby-site/src/haile.jpg
22 error addLocal Could not install /Users/hshavers/Desktop/gatsby-site/src/haile.jpg
23 silly fetchPackageMetaData Error: ENOENT: no such file or directory, open '/var/folders/6b/4g33n5d55cd042xjc90qtdv40000gn/T/npm-25324-a9b9107f/unpack-1b0adf95/package.json'
23 silly fetchPackageMetaData  error for src/haile.jpg { Error: ENOENT: no such file or directory, open '/var/folders/6b/4g33n5d55cd042xjc90qtdv40000gn/T/npm-25324-a9b9107f/unpack-1b0adf95/package.json'
23 silly fetchPackageMetaData   errno: -2,
23 silly fetchPackageMetaData   code: 'ENOENT',
23 silly fetchPackageMetaData   syscall: 'open',
23 silly fetchPackageMetaData   path: '/var/folders/6b/4g33n5d55cd042xjc90qtdv40000gn/T/npm-25324-a9b9107f/unpack-1b0adf95/package.json' }
24 silly rollbackFailedOptional Starting
25 silly rollbackFailedOptional Finishing
26 silly runTopLevelLifecycles Finishing
27 silly install printInstalled
28 verbose stack Error: ENOENT: no such file or directory, open '/var/folders/6b/4g33n5d55cd042xjc90qtdv40000gn/T/npm-25324-a9b9107f/unpack-1b0adf95/package.json'
29 verbose cwd /Users/hshavers/Desktop/gatsby-site
30 error Darwin 17.5.0
31 error argv "/usr/local/bin/node" "/usr/local/bin/npm" "install" "--save" "src/haile.jpg"
32 error node v7.0.0
33 error npm  v3.10.8
34 error path /var/folders/6b/4g33n5d55cd042xjc90qtdv40000gn/T/npm-25324-a9b9107f/unpack-1b0adf95/package.json
35 error code ENOENT
36 error errno -2
37 error syscall open
38 error enoent ENOENT: no such file or directory, open '/var/folders/6b/4g33n5d55cd042xjc90qtdv40000gn/T/npm-25324-a9b9107f/unpack-1b0adf95/package.json'
39 error enoent ENOENT: no such file or directory, open '/var/folders/6b/4g33n5d55cd042xjc90qtdv40000gn/T/npm-25324-a9b9107f/unpack-1b0adf95/package.json'
39 error enoent This is most likely not a problem with npm itself
39 error enoent and is related to npm not being able to find a file.
40 verbose exit [ -2, true ]
